17:39:21 [TRACE] (1) client::app: [client\src\app.rs:255] app::initialize()
17:39:21 [TRACE] (1) client::app: [client\src\app.rs:256] App::new() ->
17:39:21 [TRACE] (1) client::app: [client\src\app.rs:118] App::new()
17:39:21 [TRACE] (1) client::app: [client\src\app.rs:122] Audio::new()
17:39:21 [TRACE] (1) client::app: [client\src\app.rs:126] Manager::new()
17:39:21 [TRACE] (1) client::app: [client\src\app.rs:130] crate::external::initialize
17:39:21 [TRACE] (1) client::external: [client\src\external.rs:151] loaded plugin: "D:\\SAMP GTA\'S AND THINGS\\FracCom Coffee\\cef\\plugins\\cef_interface.dll"
17:39:21 [TRACE] (1) client::app: [client\src\app.rs:261] CEF: crate::render::initalize()
17:39:21 [TRACE] (1) client::render: [client\src\render.rs:67] hooking CEntity::render
17:39:21 [TRACE] (1) client::render: [client\src\render.rs:93] hooking ok ...
17:39:21 [TRACE] (2) client::rodio_audio: [client\src\rodio_audio.rs:174] audio_thread start
17:39:44 [TRACE] (4) client::app: [client\src\app.rs:165] App::initialize_hooks()
17:39:44 [TRACE] (4) client::app: [client\src\app.rs:166] Trying to hook WndProc.
17:39:44 [TRACE] (4) client::app: [client\src\app.rs:176] Append WndProc callback.
17:39:44 [TRACE] (4) client::app: [client\src\app.rs:180] Hooking destroy functions.
17:39:44 [TRACE] (4) client::app: [client\src\app.rs:202] Initialize done.
17:39:44 [TRACE] (4) client::browser::manager: [client\src\browser\manager.rs:543] manager::intialize_cef() cef_running: false
17:39:44 [TRACE] (4) client::browser::manager: [client\src\browser\manager.rs:549] PRE cef::initalize()
17:39:44 [TRACE] (4) client::browser::cef: [client\src\browser\cef.rs:55] browser::cef::initialize
17:39:44 [TRACE] (4) client::browser::cef: [client\src\browser\cef.rs:62] cef_dir: "D:\\SAMP GTA\'S AND THINGS\\FracCom Coffee\\cef"
17:39:44 [TRACE] (4) client::browser::cef: [client\src\browser\cef.rs:73] "D:\\SAMP GTA\'S AND THINGS\\FracCom Coffee\\cef\\cef.log"
17:39:44 [TRACE] (4) client::browser::cef: [client\src\browser\cef.rs:90] PRE cef::initialize
17:39:44 [TRACE] (4) client::browser::cef: [client\src\browser\cef.rs:94] POST cef::initialize
17:39:44 [TRACE] (4) client::browser::manager: [client\src\browser\manager.rs:551] POST cef::initalize()
17:39:44 [TRACE] (4) client::app: [client\src\app.rs:213] SAMP: CNetGame address: 46.183.184.33:7491
17:39:44 [TRACE] (4) client::app: [client\src\app.rs:217] Event::Connect(46.183.184.33:7493). Elapsed 22.8981595s
17:39:44 [TRACE] (4) client::app: [client\src\app.rs:223] NetworkClient::new
17:39:44 [TRACE] (6) client::browser::cef: [client\src\browser\cef.rs:23] BrowserProcessHandler::on_context_initialized
17:39:44 [TRACE] (5) client::network: [client\src\network.rs:329] CEF Network: OpenConnection (46.183.184.33:7493)
17:39:44 [TRACE] (5) client::network: [client\src\network.rs:330] CEF Network: Elapsed since Network module created 57.6µs
17:39:44 [TRACE] (4) client::app: [client\src\app.rs:432] Initialized. Elapsed: 22.9918441s
17:39:46 [TRACE] (5) client::network: [client\src\network.rs:418] CEF Network: CEF didn't connect. Retrying ...
17:39:46 [TRACE] (5) client::network: [client\src\network.rs:329] CEF Network: OpenConnection (46.183.184.33:7493)
17:39:46 [TRACE] (5) client::network: [client\src\network.rs:330] CEF Network: Elapsed since Network module created 2.5031939s
17:39:49 [TRACE] (5) client::network: [client\src\network.rs:418] CEF Network: CEF didn't connect. Retrying ...
17:39:49 [TRACE] (5) client::network: [client\src\network.rs:329] CEF Network: OpenConnection (46.183.184.33:7493)
17:39:49 [TRACE] (5) client::network: [client\src\network.rs:330] CEF Network: Elapsed since Network module created 5.0049986s
17:39:51 [TRACE] (5) client::network: [client\src\network.rs:418] CEF Network: CEF didn't connect. Retrying ...
17:39:51 [TRACE] (5) client::network: [client\src\network.rs:329] CEF Network: OpenConnection (46.183.184.33:7493)
17:39:51 [TRACE] (5) client::network: [client\src\network.rs:330] CEF Network: Elapsed since Network module created 7.506906s
17:39:54 [TRACE] (5) client::network: [client\src\network.rs:403] CEF Network: ConnectionError
17:39:54 [TRACE] (5) client::network: [client\src\network.rs:418] CEF Network: CEF didn't connect. Retrying ...
17:39:54 [TRACE] (5) client::network: [client\src\network.rs:329] CEF Network: OpenConnection (46.183.184.33:7493)
17:39:54 [TRACE] (5) client::network: [client\src\network.rs:330] CEF Network: Elapsed since Network module created 10.0082777s
17:39:56 [TRACE] (5) client::network: [client\src\network.rs:403] CEF Network: ConnectionError
17:39:56 [TRACE] (5) client::network: [client\src\network.rs:418] CEF Network: CEF didn't connect. Retrying ...
17:39:56 [TRACE] (5) client::network: [client\src\network.rs:329] CEF Network: OpenConnection (46.183.184.33:7493)
17:39:56 [TRACE] (5) client::network: [client\src\network.rs:330] CEF Network: Elapsed since Network module created 12.5106954s
17:39:59 [TRACE] (5) client::network: [client\src\network.rs:403] CEF Network: ConnectionError
17:39:59 [TRACE] (5) client::network: [client\src\network.rs:418] CEF Network: CEF didn't connect. Retrying ...
17:39:59 [TRACE] (5) client::network: [client\src\network.rs:329] CEF Network: OpenConnection (46.183.184.33:7493)
17:39:59 [TRACE] (5) client::network: [client\src\network.rs:330] CEF Network: Elapsed since Network module created 15.0137834s
17:40:01 [TRACE] (5) client::network: [client\src\network.rs:403] CEF Network: ConnectionError
17:40:01 [TRACE] (5) client::network: [client\src\network.rs:418] CEF Network: CEF didn't connect. Retrying ...
17:40:01 [TRACE] (5) client::network: [client\src\network.rs:329] CEF Network: OpenConnection (46.183.184.33:7493)
17:40:01 [TRACE] (5) client::network: [client\src\network.rs:330] CEF Network: Elapsed since Network module created 17.5146197s
17:40:04 [TRACE] (5) client::network: [client\src\network.rs:403] CEF Network: ConnectionError
17:40:04 [TRACE] (5) client::network: [client\src\network.rs:418] CEF Network: CEF didn't connect. Retrying ...
17:40:04 [TRACE] (5) client::network: [client\src\network.rs:329] CEF Network: OpenConnection (46.183.184.33:7493)
17:40:04 [TRACE] (5) client::network: [client\src\network.rs:330] CEF Network: Elapsed since Network module created 20.0175325s
17:40:06 [TRACE] (5) client::network: [client\src\network.rs:403] CEF Network: ConnectionError
17:40:06 [TRACE] (5) client::network: [client\src\network.rs:418] CEF Network: CEF didn't connect. Retrying ...
17:40:06 [TRACE] (5) client::network: [client\src\network.rs:329] CEF Network: OpenConnection (46.183.184.33:7493)
17:40:06 [TRACE] (5) client::network: [client\src\network.rs:330] CEF Network: Elapsed since Network module created 22.5194261s
17:40:09 [TRACE] (5) client::network: [client\src\network.rs:403] CEF Network: ConnectionError
17:40:09 [TRACE] (5) client::network: [client\src\network.rs:418] CEF Network: CEF didn't connect. Retrying ...
17:40:09 [TRACE] (5) client::network: [client\src\network.rs:329] CEF Network: OpenConnection (46.183.184.33:7493)
17:40:09 [TRACE] (5) client::network: [client\src\network.rs:330] CEF Network: Elapsed since Network module created 25.020316s
17:40:11 [TRACE] (5) client::network: [client\src\network.rs:403] CEF Network: ConnectionError
17:40:11 [TRACE] (5) client::network: [client\src\network.rs:418] CEF Network: CEF didn't connect. Retrying ...
17:40:11 [TRACE] (5) client::network: [client\src\network.rs:329] CEF Network: OpenConnection (46.183.184.33:7493)
17:40:11 [TRACE] (5) client::network: [client\src\network.rs:330] CEF Network: Elapsed since Network module created 27.5236992s
17:40:14 [TRACE] (5) client::network: [client\src\network.rs:403] CEF Network: ConnectionError
17:40:14 [TRACE] (5) client::network: [client\src\network.rs:418] CEF Network: CEF didn't connect. Retrying ...
17:40:14 [TRACE] (5) client::network: [client\src\network.rs:329] CEF Network: OpenConnection (46.183.184.33:7493)
17:40:14 [TRACE] (5) client::network: [client\src\network.rs:330] CEF Network: Elapsed since Network module created 30.0248326s
17:40:16 [TRACE] (5) client::network: [client\src\network.rs:403] CEF Network: ConnectionError
17:40:16 [TRACE] (5) client::network: [client\src\network.rs:418] CEF Network: CEF didn't connect. Retrying ...
17:40:16 [TRACE] (5) client::network: [client\src\network.rs:329] CEF Network: OpenConnection (46.183.184.33:7493)
17:40:16 [TRACE] (5) client::network: [client\src\network.rs:330] CEF Network: Elapsed since Network module created 32.5302826s
17:40:17 [TRACE] (4) client::app: [client\src\app.rs:198] gta::game::on_shutdown calling unitialize
17:40:17 [TRACE] (4) client::app: [client\src\app.rs:284] app::uninitialize()
17:40:17 [TRACE] (4) client::app: [client\src\app.rs:287] app::uninitialize call once ->
17:40:17 [TRACE] (4) client::app: [client\src\app.rs:101] App::drop
17:40:17 [TRACE] (4) client::browser::manager: [client\src\browser\manager.rs:557] manager::shutdown_cef() cef_running: true
17:40:17 [TRACE] (4) client::browser::manager: [client\src\browser\manager.rs:563] PRE cef::shutdown()
17:40:17 [TRACE] (4) client::browser::manager: [client\src\browser\manager.rs:565] POST cef::shutdown()
17:40:17 [TRACE] (4) client::app: [client\src\app.rs:295] app::quit()
17:40:19 [TRACE] (27) client: [client\src\lib.rs:64] DllMain reason == DLL_PROCESS_DETACH calling unitialize
17:40:19 [TRACE] (27) client::app: [client\src\app.rs:284] app::uninitialize()
